                       Temperature                               
-----------------------------------------------------------------
Timestamp: 21:41:53.289321822
Temp Celsiy 26.742
Temp Fahrenheit 80.135
Temp long_word
Celsius 27.30647058823529411765 
Fahrenheit 81.15164705882352941177
-----------------------------------------------------------------
                       Temperature                               
-----------------------------------------------------------------
Timestamp: 21:41:54.438847468
Temp Celsiy 27.401
Temp Fahrenheit 81.321
Temp long_word
Celsius 27.40058823529411764706 
Fahrenheit 81.32105882352941176470
-----------------------------------------------------------------
                       Temperature                               
-----------------------------------------------------------------
Timestamp: 21:41:55.588276285
Temp Celsiy 27.448
Temp Fahrenheit 81.406
Temp long_word
Celsius 27.44764705882352941177 
Fahrenheit 81.40576470588235294118
-----------------------------------------------------------------
                       Temperature                               
-----------------------------------------------------------------
Timestamp: 21:41:56.738951181
Temp Celsiy 27.401
Temp Fahrenheit 81.321
Temp long_word
Celsius 27.35352941176470588236 
Fahrenheit 81.23635294117647058824
-----------------------------------------------------------------
                       Temperature                               
-----------------------------------------------------------------
Timestamp: 21:41:57.889577204
Temp Celsiy 27.354
Temp Fahrenheit 81.237
Temp long_word
Celsius 27.40058823529411764706 
Fahrenheit 81.32105882352941176470
-----------------------------------------------------------------
                       Temperature                               
-----------------------------------------------------------------
Timestamp: 21:41:59.038319255
Temp Celsiy 27.307
Temp Fahrenheit 81.152
Temp long_word
Celsius 27.30647058823529411765 
Fahrenheit 81.15164705882352941177
-----------------------------------------------------------------
                       Temperature                               
-----------------------------------------------------------------
Timestamp: 21:42:00.186903769
Temp Celsiy 27.307
Temp Fahrenheit 81.152
Temp long_word
Celsius 27.44764705882352941177 
Fahrenheit 81.40576470588235294118
-----------------------------------------------------------------
^C

