root@orangepione:/home/vlad# ls
mpu6050_get_temp_C_and_F.sh  tmp  tmp_2
root@orangepione:/home/vlad# ./mpu6050_get_temp_C_and_F.sh 
Get temperature from mpu6050 in Celsius and Fahrenheit
Reset mpu6050!
                       Temperature                               
-----------------------------------------------------------------
Timestamp: 11:50:40.311244114
TWO_BYTE_DEC=-2736
Temp TWO_BYTE_HEX 28.483
Temp Fahrenheit 83.269
-----------------------------------------------------------------
                       Temperature                               
-----------------------------------------------------------------
Timestamp: 11:50:41.395332620
TWO_BYTE_DEC=-2640
Temp TWO_BYTE_HEX 28.766
Temp Fahrenheit 83.778
-----------------------------------------------------------------
                       Temperature                               
-----------------------------------------------------------------
Timestamp: 11:50:42.451672609
TWO_BYTE_DEC=-2624
Temp TWO_BYTE_HEX 28.813
Temp Fahrenheit 83.863
-----------------------------------------------------------------
                       Temperature                               
-----------------------------------------------------------------
Timestamp: 11:50:43.546188788
TWO_BYTE_DEC=-2624
Temp TWO_BYTE_HEX 28.813
Temp Fahrenheit 83.863
-----------------------------------------------------------------
                       Temperature                               
-----------------------------------------------------------------
Timestamp: 11:50:44.640621675
TWO_BYTE_DEC=-2576
Temp TWO_BYTE_HEX 28.954
Temp Fahrenheit 84.117
-----------------------------------------------------------------
                       Temperature                               
-----------------------------------------------------------------
Timestamp: 11:50:45.735826240
TWO_BYTE_DEC=-2624
Temp TWO_BYTE_HEX 28.813
Temp Fahrenheit 83.863
-----------------------------------------------------------------
                       Temperature                               
-----------------------------------------------------------------
Timestamp: 11:50:46.831599784
TWO_BYTE_DEC=-2816
Temp TWO_BYTE_HEX 28.248
Temp Fahrenheit 82.846
-----------------------------------------------------------------
                       Temperature                               
-----------------------------------------------------------------
Timestamp: 11:50:47.926430447
TWO_BYTE_DEC=-2336
Temp TWO_BYTE_HEX 29.660
Temp Fahrenheit 85.388
-----------------------------------------------------------------
                       Temperature                               
-----------------------------------------------------------------
Timestamp: 11:50:49.021512183
TWO_BYTE_DEC=-2560
Temp TWO_BYTE_HEX 29.001
Temp Fahrenheit 84.201
-----------------------------------------------------------------
                       Temperature                               
-----------------------------------------------------------------
Timestamp: 11:50:50.116073064
TWO_BYTE_DEC=-2544
Temp TWO_BYTE_HEX 29.048
Temp Fahrenheit 84.286
-----------------------------------------------------------------
                       Temperature                               
-----------------------------------------------------------------
Timestamp: 11:50:51.210341706
TWO_BYTE_DEC=-2512
Temp TWO_BYTE_HEX 29.142
Temp Fahrenheit 84.455
-----------------------------------------------------------------
                       Temperature                               
-----------------------------------------------------------------
Timestamp: 11:50:52.304994542
TWO_BYTE_DEC=-2080
Temp TWO_BYTE_HEX 30.413
Temp Fahrenheit 86.743
-----------------------------------------------------------------
                       Temperature                               
-----------------------------------------------------------------
Timestamp: 11:50:53.397998606
TWO_BYTE_DEC=-2256
Temp TWO_BYTE_HEX 29.895
Temp Fahrenheit 85.811
-----------------------------------------------------------------
                       Temperature                               
-----------------------------------------------------------------
Timestamp: 11:50:54.493346000
TWO_BYTE_DEC=-2160
Temp TWO_BYTE_HEX 30.178
Temp Fahrenheit 86.320
-----------------------------------------------------------------
                       Temperature                               
-----------------------------------------------------------------
Timestamp: 11:50:55.588327907
TWO_BYTE_DEC=-2128
Temp TWO_BYTE_HEX 30.272
Temp Fahrenheit 86.489
-----------------------------------------------------------------
                       Temperature                               
-----------------------------------------------------------------
Timestamp: 11:50:56.682960077
TWO_BYTE_DEC=-2112
Temp TWO_BYTE_HEX 30.319
Temp Fahrenheit 86.574
-----------------------------------------------------------------
                       Temperature                               
-----------------------------------------------------------------
Timestamp: 11:50:57.777600413
TWO_BYTE_DEC=-2064
Temp TWO_BYTE_HEX 30.460
Temp Fahrenheit 86.828
-----------------------------------------------------------------
                       Temperature                               
-----------------------------------------------------------------
Timestamp: 11:50:58.872529780
TWO_BYTE_DEC=-2016
Temp TWO_BYTE_HEX 30.601
Temp Fahrenheit 87.081
-----------------------------------------------------------------
                       Temperature                               
-----------------------------------------------------------------
Timestamp: 11:50:59.967359360
TWO_BYTE_DEC=-2144
Temp TWO_BYTE_HEX 30.225
Temp Fahrenheit 86.405
-----------------------------------------------------------------
^C
root@orangepione:/home/vlad# 

